<SPDXLicenseCollection xmlns="http://www.spdx.org/license">
	<license name="Test License" licenseId="test-id" isOsiApproved="true">
		<notes>Test note</notes>
		<crossRefs>
			<crossRef>http://test/url1</crossRef>
			<crossRef>http://test/url2</crossRef>
		</crossRefs>
  <standardLicenseHeader> 
    Test header<optional>optional</optional>
    <alt name="h1test" match=".+">var</alt>
  </standardLicenseHeader>
     <text>
		<copyrightText>
			<p>Test Copyright</p>
		</copyrightText>
		<p>paragraph 1</p>
		<list>
			<item>
				<bullet>1.</bullet>
				<p>List item 1</p>
			</item>
			<item>
				<bullet>2.</bullet>
				<p>List item 2</p>
			</item>
		</list>
		<p>Last Paragraph
          <alt name="alttest" match=".+">Alternate Text</alt>Non matching line.
          <optional>Optional text</optional>
		</p>
	  </text>
	</license>
	<license name="Test Deprecated License" licenseId="test-dep" isOsiApproved="false" isDeprecated="true" deprecatedVersion="2.2">
		<notes>Test dep note</notes>
		<crossRefs>
			<crossRef>http://test/url1d</crossRef>
			<crossRef>http://test/url2d</crossRef>
		</crossRefs>
		<standardLicenseHeader> 
    		Test header dep
  		</standardLicenseHeader>
  		<text>
		<copyrightText>
			<p>Test Copyright dep</p>
		</copyrightText>
		<p>paragraph 1d</p>
		<list>
			<item>
				<bullet>1.d</bullet>
				<p>List item 1d</p>
			</item>
			<item>
				<bullet>2.d</bullet>
				<p>List item 2d</p>
			</item>
		</list>
		<p>Last Paragraph dep
          <alt name="alttestd" match=".+">Alternate Text dep</alt>Non matching line dep.
          <optional>Optional text dep</optional>
		</p>
		</text>
	</license>
	<exception name="Test Exception" licenseId="test-ex">
		<notes>Test note exception</notes>
		<crossRefs>
			<crossRef>http://test/url1e</crossRef>
			<crossRef>http://test/url2e</crossRef>
		</crossRefs>
		<text>
		<copyrightText>
			<p>Test Copyrighte</p>
		</copyrightText>
		<p>paragraph 1e</p>
		<list>
			<item>
				<bullet>1.e</bullet>
				<p>List item 1e</p>
			</item>
			<item>
				<bullet>2.e</bullet>
				<p>List item 2e</p>
			</item>
		</list>
		<p>Last Paragraph exc
          <alt name="altteste" match=".+">Alternate Text exc</alt>Non matching line. e
          <optional>Optional text exc</optional>
		</p>
		</text>
	</exception>
</SPDXLicenseCollection>